<?xml version="1.0" encoding="UTF-8"?>
<testng-results skipped="0" failed="0" ignored="0" total="1" passed="1">
  <reporter-output>
  </reporter-output>
  <suite name="Suite" duration-ms="268577" started-at="2019-02-24T16:59:44Z" finished-at="2019-02-24T17:04:13Z">
    <groups>
    </groups>
    <test name="Test" duration-ms="268577" started-at="2019-02-24T16:59:44Z" finished-at="2019-02-24T17:04:13Z">
      <class name="com.testcases.verifyMouldingFunctionality">
        <test-method status="PASS" signature="setup(java.lang.String)[pri:0, instance:com.testcases.verifyMouldingFunctionality@3a93b025]" name="setup" is-config="true" duration-ms="253549" started-at="2019-02-24T16:59:44Z" finished-at="2019-02-24T17:03:58Z">
          <params>
            <param index="0">
              <value>
                <![CDATA[chrome]]>
              </value>
            </param>
          </params>
          <reporter-output>
          </reporter-output>
        </test-method> <!-- setup -->
        <test-method status="PASS" signature="myTest()[pri:0, instance:com.testcases.verifyMouldingFunctionality@3a93b025]" name="myTest" duration-ms="13198" started-at="2019-02-24T17:03:58Z" finished-at="2019-02-24T17:04:11Z">
          <reporter-output>
          </reporter-output>
        </test-method> <!-- myTest -->
        <test-method status="PASS" signature="tearDown()[pri:0, instance:com.testcases.verifyMouldingFunctionality@3a93b025]" name="tearDown" is-config="true" duration-ms="1371" started-at="2019-02-24T17:04:11Z" finished-at="2019-02-24T17:04:13Z">
          <reporter-output>
          </reporter-output>
        </test-method> <!-- tearDown -->
      </class> <!-- com.testcases.verifyMouldingFunctionality -->
    </test> <!-- Test -->
  </suite> <!-- Suite -->
</testng-results>
